Using pre-set license
Built from '2022.3/staging' branch; Version is '2022.3.22f1 (887be4894c44) revision 8944612'; Using compiler version '192829333'; Build Type 'Release'
OS: 'Windows 11  (10.0.22631) 64bit Core' Language: 'fr' Physical Memory: 16215 MB
BatchMode: 1, IsHumanControllingUs: 0, StartBugReporterOnCrash: 0, Is64bit: 1, IsPro: 1

COMMAND LINE ARGUMENTS:
C:\Program Files\Unity\Hub\Editor\2022.3.22f1\Editor\Unity.exe
-adb2
-batchMode
-noUpm
-name
AssetImportWorker2
-projectPath
C:/Users/eleis/OneDrive/Documents/GitHub/PPFA_SousLeau/PPFA_SousL'eau
-logFile
Logs/AssetImportWorker2.log
-srvPort
49753
Successfully changed project path to: C:/Users/eleis/OneDrive/Documents/GitHub/PPFA_SousLeau/PPFA_SousL'eau
C:/Users/eleis/OneDrive/Documents/GitHub/PPFA_SousLeau/PPFA_SousL'eau
[UnityMemory] Configuration Parameters - Can be set up in boot.config
    "memorysetup-bucket-allocator-granularity=16"
    "memorysetup-bucket-allocator-bucket-count=8"
    "memorysetup-bucket-allocator-block-size=33554432"
    "memorysetup-bucket-allocator-block-count=8"
    "memorysetup-main-allocator-block-size=16777216"
    "memorysetup-thread-allocator-block-size=16777216"
    "memorysetup-gfx-main-allocator-block-size=16777216"
    "memorysetup-gfx-thread-allocator-block-size=16777216"
    "memorysetup-cache-allocator-block-size=4194304"
    "memorysetup-typetree-allocator-block-size=2097152"
    "memorysetup-profiler-bucket-allocator-granularity=16"
    "memorysetup-profiler-bucket-allocator-bucket-count=8"
    "memorysetup-profiler-bucket-allocator-block-size=33554432"
    "memorysetup-profiler-bucket-allocator-block-count=8"
    "memorysetup-profiler-allocator-block-size=16777216"
    "memorysetup-profiler-editor-allocator-block-size=1048576"
    "memorysetup-temp-allocator-size-main=16777216"
    "memorysetup-job-temp-allocator-block-size=2097152"
    "memorysetup-job-temp-allocator-block-size-background=1048576"
    "memorysetup-job-temp-allocator-reduction-small-platforms=262144"
    "memorysetup-allocator-temp-initial-block-size-main=262144"
    "memorysetup-allocator-temp-initial-block-size-worker=262144"
    "memorysetup-temp-allocator-size-background-worker=32768"
    "memorysetup-temp-allocator-size-job-worker=262144"
    "memorysetup-temp-allocator-size-preload-manager=33554432"
    "memorysetup-temp-allocator-size-nav-mesh-worker=65536"
    "memorysetup-temp-allocator-size-audio-worker=65536"
    "memorysetup-temp-allocator-size-cloud-worker=32768"
    "memorysetup-temp-allocator-size-gi-baking-worker=262144"
    "memorysetup-temp-allocator-size-gfx=262144"
Player connection [7924] Host "[IP] 192.168.1.63 [Port] 0 [Flags] 2 [Guid] 178165697 [EditorId] 178165697 [Version] 1048832 [Id] WindowsEditor(7,LAPTOP-6LAE1780) [Debug] 1 [PackageName] WindowsEditor [ProjectName] Editor" joined multi-casting on [225.0.0.222:54997]...

Player connection [7924] Host "[IP] 192.168.1.63 [Port] 0 [Flags] 2 [Guid] 178165697 [EditorId] 178165697 [Version] 1048832 [Id] WindowsEditor(7,LAPTOP-6LAE1780) [Debug] 1 [PackageName] WindowsEditor [ProjectName] Editor" joined alternative multi-casting on [225.0.0.222:34997]...

[Physics::Module] Initialized MultithreadedJobDispatcher with 11 workers.
Refreshing native plugins compatible for Editor in 17.57 ms, found 3 plugins.
Preloading 0 native plugins for Editor in 0.00 ms.
Initialize engine version: 2022.3.22f1 (887be4894c44)
[Subsystems] Discovering subsystems at path C:/Program Files/Unity/Hub/Editor/2022.3.22f1/Editor/Data/Resources/UnitySubsystems
[Subsystems] Discovering subsystems at path C:/Users/eleis/OneDrive/Documents/GitHub/PPFA_SousLeau/PPFA_SousL'eau/Assets
GfxDevice: creating device client; threaded=0; jobified=0
Direct3D:
    Version:  Direct3D 11.0 [level 11.1]
    Renderer: NVIDIA GeForce RTX 2060 (ID=0x1f15)
    Vendor:   NVIDIA
    VRAM:     5955 MB
    Driver:   31.0.15.5222
Initialize mono
Mono path[0] = 'C:/Program Files/Unity/Hub/Editor/2022.3.22f1/Editor/Data/Managed'
Mono path[1] = 'C:/Program Files/Unity/Hub/Editor/2022.3.22f1/Editor/Data/MonoBleedingEdge/lib/mono/unityjit-win32'
Mono config path = 'C:/Program Files/Unity/Hub/Editor/2022.3.22f1/Editor/Data/MonoBleedingEdge/etc'
Using monoOptions --debugger-agent=transport=dt_socket,embedding=1,server=y,suspend=n,address=127.0.0.1:56832
Begin MonoManager ReloadAssembly
Registering precompiled unity dll's ...
Register platform support module: C:/Program Files/Unity/Hub/Editor/2022.3.22f1/Editor/Data/PlaybackEngines/WindowsStandaloneSupport/UnityEditor.WindowsStandalone.Extensions.dll
Registered in 0.009092 seconds.
- Loaded All Assemblies, in  0.355 seconds
Native extension for WindowsStandalone target not found
Mono: successfully reloaded assembly
- Finished resetting the current domain, in  0.253 seconds
Domain Reload Profiling: 607ms
	BeginReloadAssembly (113ms)
		ExecutionOrderSort (0ms)
		DisableScriptedObjects (0ms)
		BackupInstance (0ms)
		ReleaseScriptingObjects (0ms)
		CreateAndSetChildDomain (1ms)
	RebuildCommonClasses (35ms)
	RebuildNativeTypeToScriptingClass (11ms)
	initialDomainReloadingComplete (60ms)
	LoadAllAssembliesAndSetupDomain (134ms)
		LoadAssemblies (110ms)
		RebuildTransferFunctionScriptingTraits (0ms)
		AnalyzeDomain (132ms)
			TypeCache.Refresh (131ms)
				TypeCache.ScanAssembly (117ms)
			ScanForSourceGeneratedMonoScriptInfo (0ms)
			ResolveRequiredComponents (0ms)
	FinalizeReload (254ms)
		ReleaseScriptCaches (0ms)
		RebuildScriptCaches (0ms)
		SetupLoadedEditorAssemblies (197ms)
			LogAssemblyErrors (0ms)
			InitializePlatformSupportModulesInManaged (10ms)
			SetLoadedEditorAssemblies (7ms)
			RefreshPlugins (0ms)
			BeforeProcessingInitializeOnLoad (2ms)
			ProcessInitializeOnLoadAttributes (136ms)
			ProcessInitializeOnLoadMethodAttributes (43ms)
			AfterProcessingInitializeOnLoad (0ms)
			EditorAssembliesLoaded (0ms)
		ExecutionOrderSort2 (0ms)
		AwakeInstancesAfterBackupRestoration (0ms)
========================================================================
Worker process is ready to serve import requests
Begin MonoManager ReloadAssembly
- Loaded All Assemblies, in  0.736 seconds
Refreshing native plugins compatible for Editor in 5.51 ms, found 3 plugins.
Native extension for WindowsStandalone target not found
Package Manager log level set to [2]
[Package Manager] Server::EnsureServerProcessIsRunning -- launch failed, reason: Unity was launched with the -noUpm command-line argument
[Package Manager] UpmClient::Send -- Unable to send message (not connected to UPM process).
[Package Manager] Cannot connect to Unity Package Manager local server
Mono: successfully reloaded assembly
- Finished resetting the current domain, in  0.709 seconds
Domain Reload Profiling: 1440ms
	BeginReloadAssembly (143ms)
		ExecutionOrderSort (0ms)
		DisableScriptedObjects (5ms)
		BackupInstance (0ms)
		ReleaseScriptingObjects (0ms)
		CreateAndSetChildDomain (19ms)
	RebuildCommonClasses (30ms)
	RebuildNativeTypeToScriptingClass (10ms)
	initialDomainReloadingComplete (41ms)
	LoadAllAssembliesAndSetupDomain (507ms)
		LoadAssemblies (347ms)
		RebuildTransferFunctionScriptingTraits (0ms)
		AnalyzeDomain (246ms)
			TypeCache.Refresh (207ms)
				TypeCache.ScanAssembly (191ms)
			ScanForSourceGeneratedMonoScriptInfo (25ms)
			ResolveRequiredComponents (12ms)
	FinalizeReload (709ms)
		ReleaseScriptCaches (0ms)
		RebuildScriptCaches (0ms)
		SetupLoadedEditorAssemblies (556ms)
			LogAssemblyErrors (0ms)
			InitializePlatformSupportModulesInManaged (6ms)
			SetLoadedEditorAssemblies (3ms)
			RefreshPlugins (0ms)
			BeforeProcessingInitializeOnLoad (82ms)
			ProcessInitializeOnLoadAttributes (393ms)
			ProcessInitializeOnLoadMethodAttributes (62ms)
			AfterProcessingInitializeOnLoad (9ms)
			EditorAssembliesLoaded (0ms)
		ExecutionOrderSort2 (0ms)
		AwakeInstancesAfterBackupRestoration (5ms)
Launched and connected shader compiler UnityShaderCompiler.exe after 0.04 seconds
Refreshing native plugins compatible for Editor in 6.14 ms, found 3 plugins.
Preloading 0 native plugins for Editor in 0.00 ms.
Unloading 5932 Unused Serialized files (Serialized files now loaded: 0)
Unloading 94 unused Assets / (0.8 MB). Loaded Objects now: 6398.
Memory consumption went from 226.6 MB to 225.7 MB.
Total: 4.125500 ms (FindLiveObjects: 0.405300 ms CreateObjectMapping: 0.415300 ms MarkObjects: 2.949600 ms  DeleteObjects: 0.354700 ms)

AssetImportParameters requested are different than current active one (requested -> active):
  custom:container-demuxer-ogg: 62fdf1f143b41e24485cea50d1cbac27 -> 
  custom:video-decoder-ogg-theora: a1e56fd34408186e4bbccfd4996cb3dc -> 
  custom:framework-win-MediaFoundation: 216162199b28c13a410421893ffa2e32 -> 
  custom:CustomObjectIndexerAttribute: 72b91833f83ae208fae7752999fa3104 -> 
  custom:container-demuxer-webm: 4f35f7cbe854078d1ac9338744f61a02 -> 
  custom:container-muxer-webm: aa71ff27fc2769a1b78a27578f13a17b -> 
  custom:video-decoder-webm-vp8: 9c59270c3fd7afecdb556c50c9e8de78 -> 
  custom:SearchIndexIgnoredProperties: e643bd26f0fe6173181afceb89e7c659 -> 
  custom:AudioImporter_EditorPlatform: d09bf68614088b80899f8185d706f6e7 -> 
  custom:video-encoder-webm-vp8: eb34c28f22e8b96e1ab97ce403110664 -> 
  custom:audio-decoder-ogg-vorbis: bf7c407c2cedff20999df2af8eb42d56 -> 
  custom:audio-encoder-webm-vorbis: bf7c407c2cedff20999df2af8eb42d56 -> 
========================================================================
Received Import Request.
  Time since last request: 276672.266771 seconds.
  path: Assets/Emperor Angelfish/Prefab/Fish_New.prefab
  artifactKey: Guid(324e92e553eea6b4faa3e6478bb8073f) Importer(815301076,1909f56bfc062723c751e8b465ee728b)
Start importing Assets/Emperor Angelfish/Prefab/Fish_New.prefab using Guid(324e92e553eea6b4faa3e6478bb8073f) Importer(815301076,1909f56bfc062723c751e8b465ee728b)  -> (artifact id: 'f605f77ba17064e04131960172de3ac7') in 0.102087 seconds
Number of updated asset objects reloaded before import = 0
Number of asset objects unloaded after import = 173
========================================================================
Received Import Request.
  Time since last request: 8.138349 seconds.
  path: Assets/Emperor Angelfish/Prefab/Fish_New.prefab
  artifactKey: Guid(324e92e553eea6b4faa3e6478bb8073f) Importer(815301076,1909f56bfc062723c751e8b465ee728b)
Start importing Assets/Emperor Angelfish/Prefab/Fish_New.prefab using Guid(324e92e553eea6b4faa3e6478bb8073f) Importer(815301076,1909f56bfc062723c751e8b465ee728b)  -> (artifact id: '60e01eac93f86dfac8200015dbf3927f') in 0.035055 seconds
Number of updated asset objects reloaded before import = 0
Number of asset objects unloaded after import = 174
========================================================================
Received Import Request.
  Time since last request: 21.934800 seconds.
  path: Assets/Emperor Angelfish/Prefab/Fish_New.prefab
  artifactKey: Guid(324e92e553eea6b4faa3e6478bb8073f) Importer(815301076,1909f56bfc062723c751e8b465ee728b)
Start importing Assets/Emperor Angelfish/Prefab/Fish_New.prefab using Guid(324e92e553eea6b4faa3e6478bb8073f) Importer(815301076,1909f56bfc062723c751e8b465ee728b)  -> (artifact id: '2fb04ea6539118cf18c84b53b001ec0d') in 0.003726 seconds
Number of updated asset objects reloaded before import = 0
Number of asset objects unloaded after import = 161
========================================================================
Received Import Request.
  Time since last request: 7.511436 seconds.
  path: Assets/Emperor Angelfish/Prefab/Fish_New.prefab
  artifactKey: Guid(324e92e553eea6b4faa3e6478bb8073f) Importer(815301076,1909f56bfc062723c751e8b465ee728b)
Start importing Assets/Emperor Angelfish/Prefab/Fish_New.prefab using Guid(324e92e553eea6b4faa3e6478bb8073f) Importer(815301076,1909f56bfc062723c751e8b465ee728b)  -> (artifact id: '8556f3c68d6fc2250feb86ff19d8240c') in 0.037141 seconds
Number of updated asset objects reloaded before import = 0
Number of asset objects unloaded after import = 527
========================================================================
Received Import Request.
  Time since last request: 13.612092 seconds.
  path: Assets/Emperor Angelfish/Prefab/Fish_New.prefab
  artifactKey: Guid(324e92e553eea6b4faa3e6478bb8073f) Importer(815301076,1909f56bfc062723c751e8b465ee728b)
Start importing Assets/Emperor Angelfish/Prefab/Fish_New.prefab using Guid(324e92e553eea6b4faa3e6478bb8073f) Importer(815301076,1909f56bfc062723c751e8b465ee728b)  -> (artifact id: '66cc409078faa31657568546fb607716') in 0.033708 seconds
Number of updated asset objects reloaded before import = 0
Number of asset objects unloaded after import = 691
========================================================================
Received Import Request.
  Time since last request: 2.096953 seconds.
  path: Assets/Emperor Angelfish/Prefab/Fish_New.prefab
  artifactKey: Guid(324e92e553eea6b4faa3e6478bb8073f) Importer(815301076,1909f56bfc062723c751e8b465ee728b)
Start importing Assets/Emperor Angelfish/Prefab/Fish_New.prefab using Guid(324e92e553eea6b4faa3e6478bb8073f) Importer(815301076,1909f56bfc062723c751e8b465ee728b)  -> (artifact id: '52f80262d23906e5917ff1365451d3b3') in 0.014679 seconds
Number of updated asset objects reloaded before import = 0
Number of asset objects unloaded after import = 338
========================================================================
Received Prepare
Begin MonoManager ReloadAssembly
- Loaded All Assemblies, in  0.574 seconds
Refreshing native plugins compatible for Editor in 6.73 ms, found 3 plugins.
Native extension for WindowsStandalone target not found
[Package Manager] Server::EnsureServerProcessIsRunning -- launch failed, reason: Unity was launched with the -noUpm command-line argument
[Package Manager] UpmClient::Send -- Unable to send message (not connected to UPM process).
[Package Manager] Cannot connect to Unity Package Manager local server
Mono: successfully reloaded assembly
- Finished resetting the current domain, in  1.793 seconds
Domain Reload Profiling: 2361ms
	BeginReloadAssembly (187ms)
		ExecutionOrderSort (0ms)
		DisableScriptedObjects (4ms)
		BackupInstance (0ms)
		ReleaseScriptingObjects (0ms)
		CreateAndSetChildDomain (39ms)
	RebuildCommonClasses (35ms)
	RebuildNativeTypeToScriptingClass (11ms)
	initialDomainReloadingComplete (32ms)
	LoadAllAssembliesAndSetupDomain (303ms)
		LoadAssemblies (368ms)
		RebuildTransferFunctionScriptingTraits (0ms)
		AnalyzeDomain (28ms)
			TypeCache.Refresh (9ms)
				TypeCache.ScanAssembly (0ms)
			ScanForSourceGeneratedMonoScriptInfo (0ms)
			ResolveRequiredComponents (18ms)
	FinalizeReload (1793ms)
		ReleaseScriptCaches (0ms)
		RebuildScriptCaches (0ms)
		SetupLoadedEditorAssemblies (707ms)
			LogAssemblyErrors (0ms)
			InitializePlatformSupportModulesInManaged (9ms)
			SetLoadedEditorAssemblies (4ms)
			RefreshPlugins (0ms)
			BeforeProcessingInitializeOnLoad (110ms)
			ProcessInitializeOnLoadAttributes (490ms)
			ProcessInitializeOnLoadMethodAttributes (83ms)
			AfterProcessingInitializeOnLoad (11ms)
			EditorAssembliesLoaded (0ms)
		ExecutionOrderSort2 (0ms)
		AwakeInstancesAfterBackupRestoration (9ms)
Refreshing native plugins compatible for Editor in 7.95 ms, found 3 plugins.
Preloading 0 native plugins for Editor in 0.00 ms.
Unloading 5827 Unused Serialized files (Serialized files now loaded: 0)
Unloading 48 unused Assets / (0.8 MB). Loaded Objects now: 6424.
Memory consumption went from 210.0 MB to 209.2 MB.
Total: 5.300200 ms (FindLiveObjects: 0.722800 ms CreateObjectMapping: 0.643400 ms MarkObjects: 3.449000 ms  DeleteObjects: 0.483300 ms)

Prepare: number of updated asset objects reloaded= 0
AssetImportParameters requested are different than current active one (requested -> active):
  custom:container-demuxer-ogg: 62fdf1f143b41e24485cea50d1cbac27 -> 
  custom:video-decoder-ogg-theora: a1e56fd34408186e4bbccfd4996cb3dc -> 
  custom:framework-win-MediaFoundation: 216162199b28c13a410421893ffa2e32 -> 
  custom:CustomObjectIndexerAttribute: 72b91833f83ae208fae7752999fa3104 -> 
  custom:container-demuxer-webm: 4f35f7cbe854078d1ac9338744f61a02 -> 
  custom:container-muxer-webm: aa71ff27fc2769a1b78a27578f13a17b -> 
  custom:video-decoder-webm-vp8: 9c59270c3fd7afecdb556c50c9e8de78 -> 
  custom:SearchIndexIgnoredProperties: e643bd26f0fe6173181afceb89e7c659 -> 
  custom:AudioImporter_EditorPlatform: d09bf68614088b80899f8185d706f6e7 -> 
  custom:video-encoder-webm-vp8: eb34c28f22e8b96e1ab97ce403110664 -> 
  custom:audio-decoder-ogg-vorbis: bf7c407c2cedff20999df2af8eb42d56 -> 
  custom:audio-encoder-webm-vorbis: bf7c407c2cedff20999df2af8eb42d56 -> 
========================================================================
Received Import Request.
  Time since last request: 88.416361 seconds.
  path: Assets/Emperor Angelfish/Prefab/Fish_New.prefab
  artifactKey: Guid(324e92e553eea6b4faa3e6478bb8073f) Importer(815301076,1909f56bfc062723c751e8b465ee728b)
Start importing Assets/Emperor Angelfish/Prefab/Fish_New.prefab using Guid(324e92e553eea6b4faa3e6478bb8073f) Importer(815301076,1909f56bfc062723c751e8b465ee728b)  -> (artifact id: '57a33343295843e6bae844cb63c48a2c') in 0.088073 seconds
Number of updated asset objects reloaded before import = 0
Number of asset objects unloaded after import = 338
========================================================================
Received Import Request.
  Time since last request: 5.289245 seconds.
  path: Assets/Emperor Angelfish/Prefab/Fish_New.prefab
  artifactKey: Guid(324e92e553eea6b4faa3e6478bb8073f) Importer(815301076,1909f56bfc062723c751e8b465ee728b)
Start importing Assets/Emperor Angelfish/Prefab/Fish_New.prefab using Guid(324e92e553eea6b4faa3e6478bb8073f) Importer(815301076,1909f56bfc062723c751e8b465ee728b)  -> (artifact id: '35ad273be1680f2e8c6c670f69c5a014') in 0.074447 seconds
Number of updated asset objects reloaded before import = 0
Number of asset objects unloaded after import = 348
========================================================================
Received Import Request.
  Time since last request: 6.190987 seconds.
  path: Assets/Emperor Angelfish/Prefab/Fish_New.prefab
  artifactKey: Guid(324e92e553eea6b4faa3e6478bb8073f) Importer(815301076,1909f56bfc062723c751e8b465ee728b)
Start importing Assets/Emperor Angelfish/Prefab/Fish_New.prefab using Guid(324e92e553eea6b4faa3e6478bb8073f) Importer(815301076,1909f56bfc062723c751e8b465ee728b)  -> (artifact id: '39656da4097f8991f42a81cd1bc2ef6d') in 0.018740 seconds
Number of updated asset objects reloaded before import = 0
Number of asset objects unloaded after import = 348
========================================================================
Received Import Request.
  Time since last request: 2.816394 seconds.
  path: Assets/Emperor Angelfish/Prefab/Fish_New.prefab
  artifactKey: Guid(324e92e553eea6b4faa3e6478bb8073f) Importer(815301076,1909f56bfc062723c751e8b465ee728b)
Start importing Assets/Emperor Angelfish/Prefab/Fish_New.prefab using Guid(324e92e553eea6b4faa3e6478bb8073f) Importer(815301076,1909f56bfc062723c751e8b465ee728b)  -> (artifact id: '8db61f7ee68e1b56d11ff366ad7660d0') in 0.029718 seconds
Number of updated asset objects reloaded before import = 0
Number of asset objects unloaded after import = 348
========================================================================
Received Import Request.
  Time since last request: 30.287313 seconds.
  path: Assets/Emperor Angelfish/Prefab/Fish_New.prefab
  artifactKey: Guid(324e92e553eea6b4faa3e6478bb8073f) Importer(815301076,1909f56bfc062723c751e8b465ee728b)
Start importing Assets/Emperor Angelfish/Prefab/Fish_New.prefab using Guid(324e92e553eea6b4faa3e6478bb8073f) Importer(815301076,1909f56bfc062723c751e8b465ee728b)  -> (artifact id: '02d3d3578ab9356cc188b554e86c903b') in 0.021542 seconds
Number of updated asset objects reloaded before import = 0
Number of asset objects unloaded after import = 348
========================================================================
Received Import Request.
  Time since last request: 0.393604 seconds.
  path: Assets/Emperor Angelfish/Prefab/Fish_New.prefab
  artifactKey: Guid(324e92e553eea6b4faa3e6478bb8073f) Importer(815301076,1909f56bfc062723c751e8b465ee728b)
Start importing Assets/Emperor Angelfish/Prefab/Fish_New.prefab using Guid(324e92e553eea6b4faa3e6478bb8073f) Importer(815301076,1909f56bfc062723c751e8b465ee728b)  -> (artifact id: '73651632c963a6a9ee65d80f851549de') in 0.021623 seconds
Number of updated asset objects reloaded before import = 0
Number of asset objects unloaded after import = 348
========================================================================
Received Import Request.
  Time since last request: 1.984873 seconds.
  path: Assets/Emperor Angelfish/Prefab/Fish_New.prefab
  artifactKey: Guid(324e92e553eea6b4faa3e6478bb8073f) Importer(815301076,1909f56bfc062723c751e8b465ee728b)
Start importing Assets/Emperor Angelfish/Prefab/Fish_New.prefab using Guid(324e92e553eea6b4faa3e6478bb8073f) Importer(815301076,1909f56bfc062723c751e8b465ee728b)  -> (artifact id: '4ead75020c0300e41f76ba7f14f82810') in 0.020499 seconds
Number of updated asset objects reloaded before import = 0
Number of asset objects unloaded after import = 348
========================================================================
Received Import Request.
  Time since last request: 4.828564 seconds.
  path: Assets/Emperor Angelfish/Prefab/Fish_New.prefab
  artifactKey: Guid(324e92e553eea6b4faa3e6478bb8073f) Importer(815301076,1909f56bfc062723c751e8b465ee728b)
Start importing Assets/Emperor Angelfish/Prefab/Fish_New.prefab using Guid(324e92e553eea6b4faa3e6478bb8073f) Importer(815301076,1909f56bfc062723c751e8b465ee728b)  -> (artifact id: 'c9456d552591ca00b182e39175fd1268') in 0.024240 seconds
Number of updated asset objects reloaded before import = 0
Number of asset objects unloaded after import = 348
========================================================================
Received Import Request.
  Time since last request: 3.985403 seconds.
  path: Assets/Emperor Angelfish/Prefab/Fish_New.prefab
  artifactKey: Guid(324e92e553eea6b4faa3e6478bb8073f) Importer(815301076,1909f56bfc062723c751e8b465ee728b)
Start importing Assets/Emperor Angelfish/Prefab/Fish_New.prefab using Guid(324e92e553eea6b4faa3e6478bb8073f) Importer(815301076,1909f56bfc062723c751e8b465ee728b)  -> (artifact id: 'd604cee3526ede12d6c1132bc2a84674') in 0.021543 seconds
Number of updated asset objects reloaded before import = 0
Number of asset objects unloaded after import = 348
========================================================================
Received Import Request.
  Time since last request: 4.631332 seconds.
  path: Assets/Emperor Angelfish/Prefab/Fish_New.prefab
  artifactKey: Guid(324e92e553eea6b4faa3e6478bb8073f) Importer(815301076,1909f56bfc062723c751e8b465ee728b)
Start importing Assets/Emperor Angelfish/Prefab/Fish_New.prefab using Guid(324e92e553eea6b4faa3e6478bb8073f) Importer(815301076,1909f56bfc062723c751e8b465ee728b)  -> (artifact id: '21bd892a5151e382a7e3dace09d5a1ff') in 0.022385 seconds
Number of updated asset objects reloaded before import = 0
Number of asset objects unloaded after import = 348
========================================================================
Received Import Request.
  Time since last request: 4.218005 seconds.
  path: Assets/Emperor Angelfish/Prefab/Fish_New.prefab
  artifactKey: Guid(324e92e553eea6b4faa3e6478bb8073f) Importer(815301076,1909f56bfc062723c751e8b465ee728b)
Start importing Assets/Emperor Angelfish/Prefab/Fish_New.prefab using Guid(324e92e553eea6b4faa3e6478bb8073f) Importer(815301076,1909f56bfc062723c751e8b465ee728b)  -> (artifact id: 'bb95c353dc43585a664f064f908032b5') in 0.017698 seconds
Number of updated asset objects reloaded before import = 0
Number of asset objects unloaded after import = 348
========================================================================
Received Import Request.
  Time since last request: 2.828504 seconds.
  path: Assets/Emperor Angelfish/Prefab/Fish_New.prefab
  artifactKey: Guid(324e92e553eea6b4faa3e6478bb8073f) Importer(815301076,1909f56bfc062723c751e8b465ee728b)
Start importing Assets/Emperor Angelfish/Prefab/Fish_New.prefab using Guid(324e92e553eea6b4faa3e6478bb8073f) Importer(815301076,1909f56bfc062723c751e8b465ee728b)  -> (artifact id: '00848c85dabdcf88dba6c3e75128c89e') in 0.020111 seconds
Number of updated asset objects reloaded before import = 0
Number of asset objects unloaded after import = 348
========================================================================
Received Import Request.
  Time since last request: 8.864452 seconds.
  path: Assets/Emperor Angelfish/Prefab/Fish_New.prefab
  artifactKey: Guid(324e92e553eea6b4faa3e6478bb8073f) Importer(815301076,1909f56bfc062723c751e8b465ee728b)
Start importing Assets/Emperor Angelfish/Prefab/Fish_New.prefab using Guid(324e92e553eea6b4faa3e6478bb8073f) Importer(815301076,1909f56bfc062723c751e8b465ee728b)  -> (artifact id: 'b19099c5b498b32bc07221e49f1a81e4') in 0.021982 seconds
Number of updated asset objects reloaded before import = 0
Number of asset objects unloaded after import = 348
========================================================================
Received Import Request.
  Time since last request: 2.392302 seconds.
  path: Assets/Emperor Angelfish/Prefab/Fish_New.prefab
  artifactKey: Guid(324e92e553eea6b4faa3e6478bb8073f) Importer(815301076,1909f56bfc062723c751e8b465ee728b)
Start importing Assets/Emperor Angelfish/Prefab/Fish_New.prefab using Guid(324e92e553eea6b4faa3e6478bb8073f) Importer(815301076,1909f56bfc062723c751e8b465ee728b)  -> (artifact id: 'c87d33ab56a7010189765eca2f8ec087') in 0.022261 seconds
Number of updated asset objects reloaded before import = 0
Number of asset objects unloaded after import = 348
========================================================================
Received Import Request.
  Time since last request: 1.777232 seconds.
  path: Assets/Emperor Angelfish/Prefab/Fish_New.prefab
  artifactKey: Guid(324e92e553eea6b4faa3e6478bb8073f) Importer(815301076,1909f56bfc062723c751e8b465ee728b)
Start importing Assets/Emperor Angelfish/Prefab/Fish_New.prefab using Guid(324e92e553eea6b4faa3e6478bb8073f) Importer(815301076,1909f56bfc062723c751e8b465ee728b)  -> (artifact id: '52d8df03c7150ee63b27c15ec4b11074') in 0.021812 seconds
Number of updated asset objects reloaded before import = 0
Number of asset objects unloaded after import = 348
========================================================================
Received Import Request.
  Time since last request: 1.394209 seconds.
  path: Assets/Emperor Angelfish/Prefab/Fish_New.prefab
  artifactKey: Guid(324e92e553eea6b4faa3e6478bb8073f) Importer(815301076,1909f56bfc062723c751e8b465ee728b)
Start importing Assets/Emperor Angelfish/Prefab/Fish_New.prefab using Guid(324e92e553eea6b4faa3e6478bb8073f) Importer(815301076,1909f56bfc062723c751e8b465ee728b)  -> (artifact id: '1d560fba4ff11e241cf05fd310a82ff0') in 0.023775 seconds
Number of updated asset objects reloaded before import = 0
Number of asset objects unloaded after import = 348
========================================================================
Received Import Request.
  Time since last request: 3.988560 seconds.
  path: Assets/Emperor Angelfish/Prefab/Fish_New.prefab
  artifactKey: Guid(324e92e553eea6b4faa3e6478bb8073f) Importer(815301076,1909f56bfc062723c751e8b465ee728b)
Start importing Assets/Emperor Angelfish/Prefab/Fish_New.prefab using Guid(324e92e553eea6b4faa3e6478bb8073f) Importer(815301076,1909f56bfc062723c751e8b465ee728b)  -> (artifact id: 'cd6feb8be3a6c460fc525be330601b9a') in 0.022473 seconds
Number of updated asset objects reloaded before import = 0
Number of asset objects unloaded after import = 348
========================================================================
Received Import Request.
  Time since last request: 0.988299 seconds.
  path: Assets/Emperor Angelfish/Prefab/Fish_New.prefab
  artifactKey: Guid(324e92e553eea6b4faa3e6478bb8073f) Importer(815301076,1909f56bfc062723c751e8b465ee728b)
Start importing Assets/Emperor Angelfish/Prefab/Fish_New.prefab using Guid(324e92e553eea6b4faa3e6478bb8073f) Importer(815301076,1909f56bfc062723c751e8b465ee728b)  -> (artifact id: '29d5b755a6471f938a7f889270050e50') in 0.021645 seconds
Number of updated asset objects reloaded before import = 0
Number of asset objects unloaded after import = 348
========================================================================
Received Import Request.
  Time since last request: 3.402543 seconds.
  path: Assets/Emperor Angelfish/Prefab/Fish_New.prefab
  artifactKey: Guid(324e92e553eea6b4faa3e6478bb8073f) Importer(815301076,1909f56bfc062723c751e8b465ee728b)
Start importing Assets/Emperor Angelfish/Prefab/Fish_New.prefab using Guid(324e92e553eea6b4faa3e6478bb8073f) Importer(815301076,1909f56bfc062723c751e8b465ee728b)  -> (artifact id: 'faa2c77e99ff10adffc708e39e42b5f6') in 0.022201 seconds
Number of updated asset objects reloaded before import = 0
Number of asset objects unloaded after import = 348
========================================================================
Received Import Request.
  Time since last request: 4.422882 seconds.
  path: Assets/Emperor Angelfish/Prefab/Fish_New.prefab
  artifactKey: Guid(324e92e553eea6b4faa3e6478bb8073f) Importer(815301076,1909f56bfc062723c751e8b465ee728b)
Start importing Assets/Emperor Angelfish/Prefab/Fish_New.prefab using Guid(324e92e553eea6b4faa3e6478bb8073f) Importer(815301076,1909f56bfc062723c751e8b465ee728b)  -> (artifact id: 'b09a4d5913ff974c9765651c97cf2c7d') in 0.021368 seconds
Number of updated asset objects reloaded before import = 0
Number of asset objects unloaded after import = 348
========================================================================
Received Import Request.
  Time since last request: 47.072257 seconds.
  path: Assets/Emperor Angelfish/Prefab/Fish_New.prefab
  artifactKey: Guid(324e92e553eea6b4faa3e6478bb8073f) Importer(815301076,1909f56bfc062723c751e8b465ee728b)
Start importing Assets/Emperor Angelfish/Prefab/Fish_New.prefab using Guid(324e92e553eea6b4faa3e6478bb8073f) Importer(815301076,1909f56bfc062723c751e8b465ee728b)  -> (artifact id: 'be29fe2acf690cb4054e25717f80d638') in 0.018938 seconds
Number of updated asset objects reloaded before import = 0
Number of asset objects unloaded after import = 348
========================================================================
Received Import Request.
  Time since last request: 3.003710 seconds.
  path: Assets/Emperor Angelfish/Prefab/Fish_New.prefab
  artifactKey: Guid(324e92e553eea6b4faa3e6478bb8073f) Importer(815301076,1909f56bfc062723c751e8b465ee728b)
Start importing Assets/Emperor Angelfish/Prefab/Fish_New.prefab using Guid(324e92e553eea6b4faa3e6478bb8073f) Importer(815301076,1909f56bfc062723c751e8b465ee728b)  -> (artifact id: 'f78917f90c5938017d9d99233ad71ccb') in 0.018483 seconds
Number of updated asset objects reloaded before import = 0
Number of asset objects unloaded after import = 348
========================================================================
Received Import Request.
  Time since last request: 5.415008 seconds.
  path: Assets/Emperor Angelfish/Prefab/Fish_New.prefab
  artifactKey: Guid(324e92e553eea6b4faa3e6478bb8073f) Importer(815301076,1909f56bfc062723c751e8b465ee728b)
Start importing Assets/Emperor Angelfish/Prefab/Fish_New.prefab using Guid(324e92e553eea6b4faa3e6478bb8073f) Importer(815301076,1909f56bfc062723c751e8b465ee728b)  -> (artifact id: '6511d483b015519d518caf053021d3ad') in 0.017619 seconds
Number of updated asset objects reloaded before import = 0
Number of asset objects unloaded after import = 348
========================================================================
Received Import Request.
  Time since last request: 22.388860 seconds.
  path: Assets/Emperor Angelfish/Prefab/Fish_New.prefab
  artifactKey: Guid(324e92e553eea6b4faa3e6478bb8073f) Importer(815301076,1909f56bfc062723c751e8b465ee728b)
Start importing Assets/Emperor Angelfish/Prefab/Fish_New.prefab using Guid(324e92e553eea6b4faa3e6478bb8073f) Importer(815301076,1909f56bfc062723c751e8b465ee728b)  -> (artifact id: '2fac4c16b6ba729471bac2ae23b9125a') in 0.020063 seconds
Number of updated asset objects reloaded before import = 0
Number of asset objects unloaded after import = 348
========================================================================
Received Import Request.
  Time since last request: 9.085172 seconds.
  path: Assets/Emperor Angelfish/Prefab/Fish_New.prefab
  artifactKey: Guid(324e92e553eea6b4faa3e6478bb8073f) Importer(815301076,1909f56bfc062723c751e8b465ee728b)
Start importing Assets/Emperor Angelfish/Prefab/Fish_New.prefab using Guid(324e92e553eea6b4faa3e6478bb8073f) Importer(815301076,1909f56bfc062723c751e8b465ee728b)  -> (artifact id: '2f1e66c8114eb1b400f8383edb164187') in 0.021283 seconds
Number of updated asset objects reloaded before import = 0
Number of asset objects unloaded after import = 348
========================================================================
Received Prepare
Begin MonoManager ReloadAssembly
- Loaded All Assemblies, in  0.579 seconds
Refreshing native plugins compatible for Editor in 6.51 ms, found 3 plugins.
Native extension for WindowsStandalone target not found
[Package Manager] Server::EnsureServerProcessIsRunning -- launch failed, reason: Unity was launched with the -noUpm command-line argument
[Package Manager] UpmClient::Send -- Unable to send message (not connected to UPM process).
[Package Manager] Cannot connect to Unity Package Manager local server
Mono: successfully reloaded assembly
- Finished resetting the current domain, in  1.889 seconds
Domain Reload Profiling: 2462ms
	BeginReloadAssembly (187ms)
		ExecutionOrderSort (0ms)
		DisableScriptedObjects (4ms)
		BackupInstance (0ms)
		ReleaseScriptingObjects (0ms)
		CreateAndSetChildDomain (47ms)
	RebuildCommonClasses (32ms)
	RebuildNativeTypeToScriptingClass (11ms)
	initialDomainReloadingComplete (34ms)
	LoadAllAssembliesAndSetupDomain (309ms)
		LoadAssemblies (385ms)
		RebuildTransferFunctionScriptingTraits (0ms)
		AnalyzeDomain (22ms)
			TypeCache.Refresh (7ms)
				TypeCache.ScanAssembly (0ms)
			ScanForSourceGeneratedMonoScriptInfo (0ms)
			ResolveRequiredComponents (13ms)
	FinalizeReload (1889ms)
		ReleaseScriptCaches (0ms)
		RebuildScriptCaches (0ms)
		SetupLoadedEditorAssemblies (768ms)
			LogAssemblyErrors (0ms)
			InitializePlatformSupportModulesInManaged (9ms)
			SetLoadedEditorAssemblies (4ms)
			RefreshPlugins (0ms)
			BeforeProcessingInitializeOnLoad (107ms)
			ProcessInitializeOnLoadAttributes (524ms)
			ProcessInitializeOnLoadMethodAttributes (112ms)
			AfterProcessingInitializeOnLoad (12ms)
			EditorAssembliesLoaded (0ms)
		ExecutionOrderSort2 (0ms)
		AwakeInstancesAfterBackupRestoration (8ms)
Refreshing native plugins compatible for Editor in 10.18 ms, found 3 plugins.
Preloading 0 native plugins for Editor in 0.00 ms.
Unloading 5827 Unused Serialized files (Serialized files now loaded: 0)
Unloading 48 unused Assets / (0.8 MB). Loaded Objects now: 6439.
Memory consumption went from 212.1 MB to 211.3 MB.
Total: 5.190000 ms (FindLiveObjects: 0.463200 ms CreateObjectMapping: 0.531700 ms MarkObjects: 3.297000 ms  DeleteObjects: 0.896900 ms)

Prepare: number of updated asset objects reloaded= 0
AssetImportParameters requested are different than current active one (requested -> active):
  custom:container-demuxer-ogg: 62fdf1f143b41e24485cea50d1cbac27 -> 
  custom:video-decoder-ogg-theora: a1e56fd34408186e4bbccfd4996cb3dc -> 
  custom:framework-win-MediaFoundation: 216162199b28c13a410421893ffa2e32 -> 
  custom:CustomObjectIndexerAttribute: 72b91833f83ae208fae7752999fa3104 -> 
  custom:container-demuxer-webm: 4f35f7cbe854078d1ac9338744f61a02 -> 
  custom:container-muxer-webm: aa71ff27fc2769a1b78a27578f13a17b -> 
  custom:video-decoder-webm-vp8: 9c59270c3fd7afecdb556c50c9e8de78 -> 
  custom:SearchIndexIgnoredProperties: e643bd26f0fe6173181afceb89e7c659 -> 
  custom:AudioImporter_EditorPlatform: d09bf68614088b80899f8185d706f6e7 -> 
  custom:video-encoder-webm-vp8: eb34c28f22e8b96e1ab97ce403110664 -> 
  custom:audio-decoder-ogg-vorbis: bf7c407c2cedff20999df2af8eb42d56 -> 
  custom:audio-encoder-webm-vorbis: bf7c407c2cedff20999df2af8eb42d56 -> 
========================================================================
Received Prepare
Begin MonoManager ReloadAssembly
- Loaded All Assemblies, in  0.913 seconds
Refreshing native plugins compatible for Editor in 8.31 ms, found 3 plugins.
Native extension for WindowsStandalone target not found
[Package Manager] Server::EnsureServerProcessIsRunning -- launch failed, reason: Unity was launched with the -noUpm command-line argument
[Package Manager] UpmClient::Send -- Unable to send message (not connected to UPM process).
[Package Manager] Cannot connect to Unity Package Manager local server
Mono: successfully reloaded assembly
- Finished resetting the current domain, in  2.198 seconds
Domain Reload Profiling: 3108ms
	BeginReloadAssembly (238ms)
		ExecutionOrderSort (0ms)
		DisableScriptedObjects (8ms)
		BackupInstance (0ms)
		ReleaseScriptingObjects (0ms)
		CreateAndSetChildDomain (72ms)
	RebuildCommonClasses (49ms)
	RebuildNativeTypeToScriptingClass (14ms)
	initialDomainReloadingComplete (42ms)
	LoadAllAssembliesAndSetupDomain (564ms)
		LoadAssemblies (638ms)
		RebuildTransferFunctionScriptingTraits (0ms)
		AnalyzeDomain (33ms)
			TypeCache.Refresh (12ms)
				TypeCache.ScanAssembly (0ms)
			ScanForSourceGeneratedMonoScriptInfo (0ms)
			ResolveRequiredComponents (19ms)
	FinalizeReload (2201ms)
		ReleaseScriptCaches (0ms)
		RebuildScriptCaches (0ms)
		SetupLoadedEditorAssemblies (799ms)
			LogAssemblyErrors (0ms)
			InitializePlatformSupportModulesInManaged (11ms)
			SetLoadedEditorAssemblies (5ms)
			RefreshPlugins (0ms)
			BeforeProcessingInitializeOnLoad (124ms)
			ProcessInitializeOnLoadAttributes (553ms)
			ProcessInitializeOnLoadMethodAttributes (93ms)
			AfterProcessingInitializeOnLoad (13ms)
			EditorAssembliesLoaded (0ms)
		ExecutionOrderSort2 (0ms)
		AwakeInstancesAfterBackupRestoration (8ms)
Refreshing native plugins compatible for Editor in 8.11 ms, found 3 plugins.
Preloading 0 native plugins for Editor in 0.00 ms.
Unloading 5828 Unused Serialized files (Serialized files now loaded: 0)
Unloading 48 unused Assets / (0.8 MB). Loaded Objects now: 6454.
Memory consumption went from 214.5 MB to 213.7 MB.
Total: 8.738900 ms (FindLiveObjects: 0.602000 ms CreateObjectMapping: 0.851300 ms MarkObjects: 6.751200 ms  DeleteObjects: 0.533100 ms)

Prepare: number of updated asset objects reloaded= 0
AssetImportParameters requested are different than current active one (requested -> active):
  custom:container-demuxer-ogg: 62fdf1f143b41e24485cea50d1cbac27 -> 
  custom:video-decoder-ogg-theora: a1e56fd34408186e4bbccfd4996cb3dc -> 
  custom:framework-win-MediaFoundation: 216162199b28c13a410421893ffa2e32 -> 
  custom:CustomObjectIndexerAttribute: 72b91833f83ae208fae7752999fa3104 -> 
  custom:container-demuxer-webm: 4f35f7cbe854078d1ac9338744f61a02 -> 
  custom:container-muxer-webm: aa71ff27fc2769a1b78a27578f13a17b -> 
  custom:video-decoder-webm-vp8: 9c59270c3fd7afecdb556c50c9e8de78 -> 
  custom:SearchIndexIgnoredProperties: e643bd26f0fe6173181afceb89e7c659 -> 
  custom:AudioImporter_EditorPlatform: d09bf68614088b80899f8185d706f6e7 -> 
  custom:video-encoder-webm-vp8: eb34c28f22e8b96e1ab97ce403110664 -> 
  custom:audio-decoder-ogg-vorbis: bf7c407c2cedff20999df2af8eb42d56 -> 
  custom:audio-encoder-webm-vorbis: bf7c407c2cedff20999df2af8eb42d56 -> 
========================================================================
Received Prepare
Begin MonoManager ReloadAssembly
- Loaded All Assemblies, in  0.586 seconds
Refreshing native plugins compatible for Editor in 7.25 ms, found 3 plugins.
Native extension for WindowsStandalone target not found
[Package Manager] Server::EnsureServerProcessIsRunning -- launch failed, reason: Unity was launched with the -noUpm command-line argument
[Package Manager] UpmClient::Send -- Unable to send message (not connected to UPM process).
[Package Manager] Cannot connect to Unity Package Manager local server
Mono: successfully reloaded assembly
- Finished resetting the current domain, in  1.946 seconds
Domain Reload Profiling: 2527ms
	BeginReloadAssembly (175ms)
		ExecutionOrderSort (0ms)
		DisableScriptedObjects (4ms)
		BackupInstance (0ms)
		ReleaseScriptingObjects (0ms)
		CreateAndSetChildDomain (42ms)
	RebuildCommonClasses (32ms)
	RebuildNativeTypeToScriptingClass (11ms)
	initialDomainReloadingComplete (33ms)
	LoadAllAssembliesAndSetupDomain (328ms)
		LoadAssemblies (389ms)
		RebuildTransferFunctionScriptingTraits (0ms)
		AnalyzeDomain (29ms)
			TypeCache.Refresh (9ms)
				TypeCache.ScanAssembly (0ms)
			ScanForSourceGeneratedMonoScriptInfo (0ms)
			ResolveRequiredComponents (19ms)
	FinalizeReload (1946ms)
		ReleaseScriptCaches (0ms)
		RebuildScriptCaches (0ms)
		SetupLoadedEditorAssemblies (759ms)
			LogAssemblyErrors (0ms)
			InitializePlatformSupportModulesInManaged (9ms)
			SetLoadedEditorAssemblies (4ms)
			RefreshPlugins (0ms)
			BeforeProcessingInitializeOnLoad (115ms)
			ProcessInitializeOnLoadAttributes (534ms)
			ProcessInitializeOnLoadMethodAttributes (84ms)
			AfterProcessingInitializeOnLoad (13ms)
			EditorAssembliesLoaded (0ms)
		ExecutionOrderSort2 (0ms)
		AwakeInstancesAfterBackupRestoration (9ms)
Refreshing native plugins compatible for Editor in 7.96 ms, found 3 plugins.
Preloading 0 native plugins for Editor in 0.00 ms.
Unloading 5828 Unused Serialized files (Serialized files now loaded: 0)
Unloading 48 unused Assets / (0.8 MB). Loaded Objects now: 6469.
Memory consumption went from 216.4 MB to 215.6 MB.
Total: 7.125500 ms (FindLiveObjects: 0.593600 ms CreateObjectMapping: 1.271500 ms MarkObjects: 4.689800 ms  DeleteObjects: 0.569500 ms)

Prepare: number of updated asset objects reloaded= 0
AssetImportParameters requested are different than current active one (requested -> active):
  custom:container-demuxer-ogg: 62fdf1f143b41e24485cea50d1cbac27 -> 
  custom:video-decoder-ogg-theora: a1e56fd34408186e4bbccfd4996cb3dc -> 
  custom:framework-win-MediaFoundation: 216162199b28c13a410421893ffa2e32 -> 
  custom:CustomObjectIndexerAttribute: 72b91833f83ae208fae7752999fa3104 -> 
  custom:container-demuxer-webm: 4f35f7cbe854078d1ac9338744f61a02 -> 
  custom:container-muxer-webm: aa71ff27fc2769a1b78a27578f13a17b -> 
  custom:video-decoder-webm-vp8: 9c59270c3fd7afecdb556c50c9e8de78 -> 
  custom:SearchIndexIgnoredProperties: e643bd26f0fe6173181afceb89e7c659 -> 
  custom:AudioImporter_EditorPlatform: d09bf68614088b80899f8185d706f6e7 -> 
  custom:video-encoder-webm-vp8: eb34c28f22e8b96e1ab97ce403110664 -> 
  custom:audio-decoder-ogg-vorbis: bf7c407c2cedff20999df2af8eb42d56 -> 
  custom:audio-encoder-webm-vorbis: bf7c407c2cedff20999df2af8eb42d56 -> 
